C:\Users\lairu\Documents\GitHub\Analytical_Engine_Emulator\venv\Scripts\python.exe C:/Users/lairu/Documents/GitHub/Analytical_Engine_Emulator/analytical_engine.py ae.in ae.out
Step 1
~ 0
1
5 0
-1
Step 2
~ 0
1
6 1
-1
Step 3
~ 0
1
7 2
-1
Step 4
~ 0
1
8 100
-1
Step 5
~ 0
1
9 1
-1
Step 6
- 0
0
-1
Step 7
- 0
1
1 100
-1
Step 9
- 0
1
2 1
-1
Step 9
- 0
4
3 0
4 99
1 0
2 0
-1
Step 10
- 0
0
-1
Step 11
- 0
1
8 99
-1
Step 12
+ 0
1
4 0
-1
Step 13
+ 0
1
1 0
-1
Step 15
+ 0
1
2 1
-1
Step 15
+ 0
3
3 0
4 1
2 0
-1
Step 16
+ 0
1
5 1
-1
Step 17
+ 0
1
1 1
-1
Step 19
+ 0
1
2 2
-1
Step 19
+ 0
4
3 0
4 3
1 0
2 0
-1
Step 20
+ 0
1
6 3
-1
Step 21
+ 0
0
1
Step 22
+ 0
0
-1
Step 23
- 0
1
4 0
-1
Step 24
- 0
1
1 99
-1
Step 26
- 0
1
2 1
-1
Step 26
- 0
4
3 0
4 98
1 0
2 0
-1
Step 27
- 0
0
-1
Step 28
- 0
1
8 98
-1
Step 29
+ 0
1
4 0
-1
Step 30
+ 0
1
1 1
-1
Step 32
+ 0
1
2 3
-1
Step 32
+ 0
4
3 0
4 4
1 0
2 0
-1
Step 33
+ 0
1
5 4
-1
Step 34
+ 0
1
1 3
-1
Step 36
+ 0
1
2 2
-1
Step 36
+ 0
4
3 0
4 5
1 0
2 0
-1
Step 37
+ 0
1
6 5
-1
Step 38
+ 0
0
4
Step 39
+ 0
0
-1
Step 40
- 0
1
4 0
-1
Step 41
- 0
1
1 98
-1
Step 43
- 0
1
2 1
-1
Step 43
- 0
4
3 0
4 97
1 0
2 0
-1
Step 44
- 0
0
-1
Step 45
- 0
1
8 97
-1
Step 46
+ 0
1
4 0
-1
Step 47
+ 0
1
1 4
-1
Step 49
+ 0
1
2 5
-1
Step 49
+ 0
4
3 0
4 9
1 0
2 0
-1
Step 50
+ 0
1
5 9
-1
Step 51
+ 0
1
1 5
-1
Step 53
+ 0
1
2 2
-1
Step 53
+ 0
4
3 0
4 7
1 0
2 0
-1
Step 54
+ 0
1
6 7
-1
Step 55
+ 0
0
9
Step 56
+ 0
0
-1
Step 57
- 0
1
4 0
-1
Step 58
- 0
1
1 97
-1
Step 60
- 0
1
2 1
-1
Step 60
- 0
4
3 0
4 96
1 0
2 0
-1
Step 61
- 0
0
-1
Step 62
- 0
1
8 96
-1
Step 63
+ 0
1
4 0
-1
Step 64
+ 0
1
1 9
-1
Step 66
+ 0
1
2 7
-1
Step 66
+ 0
4
3 0
4 16
1 0
2 0
-1
Step 67
+ 0
1
5 16
-1
Step 68
+ 0
1
1 7
-1
Step 70
+ 0
1
2 2
-1
Step 70
+ 0
4
3 0
4 9
1 0
2 0
-1
Step 71
+ 0
1
6 9
-1
Step 72
+ 0
0
16
Step 73
+ 0
0
-1
Step 74
- 0
1
4 0
-1
Step 75
- 0
1
1 96
-1
Step 77
- 0
1
2 1
-1
Step 77
- 0
4
3 0
4 95
1 0
2 0
-1
Step 78
- 0
0
-1
Step 79
- 0
1
8 95
-1
Step 80
+ 0
1
4 0
-1
Step 81
+ 0
1
1 16
-1
Step 83
+ 0
1
2 9
-1
Step 83
+ 0
4
3 0
4 25
1 0
2 0
-1
Step 84
+ 0
1
5 25
-1
Step 85
+ 0
1
1 9
-1
Step 87
+ 0
1
2 2
-1
Step 87
+ 0
4
3 0
4 11
1 0
2 0
-1
Step 88
+ 0
1
6 11
-1
Step 89
+ 0
0
25
Step 90
+ 0
0
-1
Step 91
- 0
1
4 0
-1
Step 92
- 0
1
1 95
-1
Step 94
- 0
1
2 1
-1
Step 94
- 0
4
3 0
4 94
1 0
2 0
-1
Step 95
- 0
0
-1
Step 96
- 0
1
8 94
-1
Step 97
+ 0
1
4 0
-1
Step 98
+ 0
1
1 25
-1
Step 100
+ 0
1
2 11
-1
Step 100
+ 0
4
3 0
4 36
1 0
2 0
-1
Step 101
+ 0
1
5 36
-1
Step 102
+ 0
1
1 11
-1
Step 104
+ 0
1
2 2
-1
Step 104
+ 0
4
3 0
4 13
1 0
2 0
-1
Step 105
+ 0
1
6 13
-1
Step 106
+ 0
0
36
Step 107
+ 0
0
-1
Step 108
- 0
1
4 0
-1
Step 109
- 0
1
1 94
-1
Step 111
- 0
1
2 1
-1
Step 111
- 0
4
3 0
4 93
1 0
2 0
-1
Step 112
- 0
0
-1
Step 113
- 0
1
8 93
-1
Step 114
+ 0
1
4 0
-1
Step 115
+ 0
1
1 36
-1
Step 117
+ 0
1
2 13
-1
Step 117
+ 0
4
3 0
4 49
1 0
2 0
-1
Step 118
+ 0
1
5 49
-1
Step 119
+ 0
1
1 13
-1
Step 121
+ 0
1
2 2
-1
Step 121
+ 0
4
3 0
4 15
1 0
2 0
-1
Step 122
+ 0
1
6 15
-1
Step 123
+ 0
0
49
Step 124
+ 0
0
-1
Step 125
- 0
1
4 0
-1
Step 126
- 0
1
1 93
-1
Step 128
- 0
1
2 1
-1
Step 128
- 0
4
3 0
4 92
1 0
2 0
-1
Step 129
- 0
0
-1
Step 130
- 0
1
8 92
-1
Step 131
+ 0
1
4 0
-1
Step 132
+ 0
1
1 49
-1
Step 134
+ 0
1
2 15
-1
Step 134
+ 0
4
3 0
4 64
1 0
2 0
-1
Step 135
+ 0
1
5 64
-1
Step 136
+ 0
1
1 15
-1
Step 138
+ 0
1
2 2
-1
Step 138
+ 0
4
3 0
4 17
1 0
2 0
-1
Step 139
+ 0
1
6 17
-1
Step 140
+ 0
0
64
Step 141
+ 0
0
-1
Step 142
- 0
1
4 0
-1
Step 143
- 0
1
1 92
-1
Step 145
- 0
1
2 1
-1
Step 145
- 0
4
3 0
4 91
1 0
2 0
-1
Step 146
- 0
0
-1
Step 147
- 0
1
8 91
-1
Step 148
+ 0
1
4 0
-1
Step 149
+ 0
1
1 64
-1
Step 151
+ 0
1
2 17
-1
Step 151
+ 0
4
3 0
4 81
1 0
2 0
-1
Step 152
+ 0
1
5 81
-1
Step 153
+ 0
1
1 17
-1
Step 155
+ 0
1
2 2
-1
Step 155
+ 0
4
3 0
4 19
1 0
2 0
-1
Step 156
+ 0
1
6 19
-1
Step 157
+ 0
0
81
Step 158
+ 0
0
-1
Step 159
- 0
1
4 0
-1
Step 160
- 0
1
1 91
-1
Step 162
- 0
1
2 1
-1
Step 162
- 0
4
3 0
4 90
1 0
2 0
-1
Step 163
- 0
0
-1
Step 164
- 0
1
8 90
-1
Step 165
+ 0
1
4 0
-1
Step 166
+ 0
1
1 81
-1
Step 168
+ 0
1
2 19
-1
Step 168
+ 0
4
3 0
4 100
1 0
2 0
-1
Step 169
+ 0
1
5 100
-1
Step 170
+ 0
1
1 19
-1
Step 172
+ 0
1
2 2
-1
Step 172
+ 0
4
3 0
4 21
1 0
2 0
-1
Step 173
+ 0
1
6 21
-1
Step 174
+ 0
0
100
Step 175
+ 0
0
-1
Step 176
- 0
1
4 0
-1
Step 177
- 0
1
1 90
-1
Step 179
- 0
1
2 1
-1
Step 179
- 0
4
3 0
4 89
1 0
2 0
-1
Step 180
- 0
0
-1
Step 181
- 0
1
8 89
-1
Step 182
+ 0
1
4 0
-1
Step 183
+ 0
1
1 100
-1
Step 185
+ 0
1
2 21
-1
Step 185
+ 0
4
3 0
4 121
1 0
2 0
-1
Step 186
+ 0
1
5 121
-1
Step 187
+ 0
1
1 21
-1
Step 189
+ 0
1
2 2
-1
Step 189
+ 0
4
3 0
4 23
1 0
2 0
-1
Step 190
+ 0
1
6 23
-1
Step 191
+ 0
0
121
Step 192
+ 0
0
-1
Step 193
- 0
1
4 0
-1
Step 194
- 0
1
1 89
-1
Step 196
- 0
1
2 1
-1
Step 196
- 0
4
3 0
4 88
1 0
2 0
-1
Step 197
- 0
0
-1
Step 198
- 0
1
8 88
-1
Step 199
+ 0
1
4 0
-1
Step 200
+ 0
1
1 121
-1
Step 202
+ 0
1
2 23
-1
Step 202
+ 0
4
3 0
4 144
1 0
2 0
-1
Step 203
+ 0
1
5 144
-1
Step 204
+ 0
1
1 23
-1
Step 206
+ 0
1
2 2
-1
Step 206
+ 0
4
3 0
4 25
1 0
2 0
-1
Step 207
+ 0
1
6 25
-1
Step 208
+ 0
0
144
Step 209
+ 0
0
-1
Step 210
- 0
1
4 0
-1
Step 211
- 0
1
1 88
-1
Step 213
- 0
1
2 1
-1
Step 213
- 0
4
3 0
4 87
1 0
2 0
-1
Step 214
- 0
0
-1
Step 215
- 0
1
8 87
-1
Step 216
+ 0
1
4 0
-1
Step 217
+ 0
1
1 144
-1
Step 219
+ 0
1
2 25
-1
Step 219
+ 0
4
3 0
4 169
1 0
2 0
-1
Step 220
+ 0
1
5 169
-1
Step 221
+ 0
1
1 25
-1
Step 223
+ 0
1
2 2
-1
Step 223
+ 0
4
3 0
4 27
1 0
2 0
-1
Step 224
+ 0
1
6 27
-1
Step 225
+ 0
0
169
Step 226
+ 0
0
-1
Step 227
- 0
1
4 0
-1
Step 228
- 0
1
1 87
-1
Step 230
- 0
1
2 1
-1
Step 230
- 0
4
3 0
4 86
1 0
2 0
-1
Step 231
- 0
0
-1
Step 232
- 0
1
8 86
-1
Step 233
+ 0
1
4 0
-1
Step 234
+ 0
1
1 169
-1
Step 236
+ 0
1
2 27
-1
Step 236
+ 0
4
3 0
4 196
1 0
2 0
-1
Step 237
+ 0
1
5 196
-1
Step 238
+ 0
1
1 27
-1
Step 240
+ 0
1
2 2
-1
Step 240
+ 0
4
3 0
4 29
1 0
2 0
-1
Step 241
+ 0
1
6 29
-1
Step 242
+ 0
0
196
Step 243
+ 0
0
-1
Step 244
- 0
1
4 0
-1
Step 245
- 0
1
1 86
-1
Step 247
- 0
1
2 1
-1
Step 247
- 0
4
3 0
4 85
1 0
2 0
-1
Step 248
- 0
0
-1
Step 249
- 0
1
8 85
-1
Step 250
+ 0
1
4 0
-1
Step 251
+ 0
1
1 196
-1
Step 253
+ 0
1
2 29
-1
Step 253
+ 0
4
3 0
4 225
1 0
2 0
-1
Step 254
+ 0
1
5 225
-1
Step 255
+ 0
1
1 29
-1
Step 257
+ 0
1
2 2
-1
Step 257
+ 0
4
3 0
4 31
1 0
2 0
-1
Step 258
+ 0
1
6 31
-1
Step 259
+ 0
0
225
Step 260
+ 0
0
-1
Step 261
- 0
1
4 0
-1
Step 262
- 0
1
1 85
-1
Step 264
- 0
1
2 1
-1
Step 264
- 0
4
3 0
4 84
1 0
2 0
-1
Step 265
- 0
0
-1
Step 266
- 0
1
8 84
-1
Step 267
+ 0
1
4 0
-1
Step 268
+ 0
1
1 225
-1
Step 270
+ 0
1
2 31
-1
Step 270
+ 0
4
3 0
4 256
1 0
2 0
-1
Step 271
+ 0
1
5 256
-1
Step 272
+ 0
1
1 31
-1
Step 274
+ 0
1
2 2
-1
Step 274
+ 0
4
3 0
4 33
1 0
2 0
-1
Step 275
+ 0
1
6 33
-1
Step 276
+ 0
0
256
Step 277
+ 0
0
-1
Step 278
- 0
1
4 0
-1
Step 279
- 0
1
1 84
-1
Step 281
- 0
1
2 1
-1
Step 281
- 0
4
3 0
4 83
1 0
2 0
-1
Step 282
- 0
0
-1
Step 283
- 0
1
8 83
-1
Step 284
+ 0
1
4 0
-1
Step 285
+ 0
1
1 256
-1
Step 287
+ 0
1
2 33
-1
Step 287
+ 0
4
3 0
4 289
1 0
2 0
-1
Step 288
+ 0
1
5 289
-1
Step 289
+ 0
1
1 33
-1
Step 291
+ 0
1
2 2
-1
Step 291
+ 0
4
3 0
4 35
1 0
2 0
-1
Step 292
+ 0
1
6 35
-1
Step 293
+ 0
0
289
Step 294
+ 0
0
-1
Step 295
- 0
1
4 0
-1
Step 296
- 0
1
1 83
-1
Step 298
- 0
1
2 1
-1
Step 298
- 0
4
3 0
4 82
1 0
2 0
-1
Step 299
- 0
0
-1
Step 300
- 0
1
8 82
-1
Step 301
+ 0
1
4 0
-1
Step 302
+ 0
1
1 289
-1
Step 304
+ 0
1
2 35
-1
Step 304
+ 0
4
3 0
4 324
1 0
2 0
-1
Step 305
+ 0
1
5 324
-1
Step 306
+ 0
1
1 35
-1
Step 308
+ 0
1
2 2
-1
Step 308
+ 0
4
3 0
4 37
1 0
2 0
-1
Step 309
+ 0
1
6 37
-1
Step 310
+ 0
0
324
Step 311
+ 0
0
-1
Step 312
- 0
1
4 0
-1
Step 313
- 0
1
1 82
-1
Step 315
- 0
1
2 1
-1
Step 315
- 0
4
3 0
4 81
1 0
2 0
-1
Step 316
- 0
0
-1
Step 317
- 0
1
8 81
-1
Step 318
+ 0
1
4 0
-1
Step 319
+ 0
1
1 324
-1
Step 321
+ 0
1
2 37
-1
Step 321
+ 0
4
3 0
4 361
1 0
2 0
-1
Step 322
+ 0
1
5 361
-1
Step 323
+ 0
1
1 37
-1
Step 325
+ 0
1
2 2
-1
Step 325
+ 0
4
3 0
4 39
1 0
2 0
-1
Step 326
+ 0
1
6 39
-1
Step 327
+ 0
0
361
Step 328
+ 0
0
-1
Step 329
- 0
1
4 0
-1
Step 330
- 0
1
1 81
-1
Step 332
- 0
1
2 1
-1
Step 332
- 0
4
3 0
4 80
1 0
2 0
-1
Step 333
- 0
0
-1
Step 334
- 0
1
8 80
-1
Step 335
+ 0
1
4 0
-1
Step 336
+ 0
1
1 361
-1
Step 338
+ 0
1
2 39
-1
Step 338
+ 0
4
3 0
4 400
1 0
2 0
-1
Step 339
+ 0
1
5 400
-1
Step 340
+ 0
1
1 39
-1
Step 342
+ 0
1
2 2
-1
Step 342
+ 0
4
3 0
4 41
1 0
2 0
-1
Step 343
+ 0
1
6 41
-1
Step 344
+ 0
0
400
Step 345
+ 0
0
-1
Step 346
- 0
1
4 0
-1
Step 347
- 0
1
1 80
-1
Step 349
- 0
1
2 1
-1
Step 349
- 0
4
3 0
4 79
1 0
2 0
-1
Step 350
- 0
0
-1
Step 351
- 0
1
8 79
-1
Step 352
+ 0
1
4 0
-1
Step 353
+ 0
1
1 400
-1
Step 355
+ 0
1
2 41
-1
Step 355
+ 0
4
3 0
4 441
1 0
2 0
-1
Step 356
+ 0
1
5 441
-1
Step 357
+ 0
1
1 41
-1
Step 359
+ 0
1
2 2
-1
Step 359
+ 0
4
3 0
4 43
1 0
2 0
-1
Step 360
+ 0
1
6 43
-1
Step 361
+ 0
0
441
Step 362
+ 0
0
-1
Step 363
- 0
1
4 0
-1
Step 364
- 0
1
1 79
-1
Step 366
- 0
1
2 1
-1
Step 366
- 0
4
3 0
4 78
1 0
2 0
-1
Step 367
- 0
0
-1
Step 368
- 0
1
8 78
-1
Step 369
+ 0
1
4 0
-1
Step 370
+ 0
1
1 441
-1
Step 372
+ 0
1
2 43
-1
Step 372
+ 0
4
3 0
4 484
1 0
2 0
-1
Step 373
+ 0
1
5 484
-1
Step 374
+ 0
1
1 43
-1
Step 376
+ 0
1
2 2
-1
Step 376
+ 0
4
3 0
4 45
1 0
2 0
-1
Step 377
+ 0
1
6 45
-1
Step 378
+ 0
0
484
Step 379
+ 0
0
-1
Step 380
- 0
1
4 0
-1
Step 381
- 0
1
1 78
-1
Step 383
- 0
1
2 1
-1
Step 383
- 0
4
3 0
4 77
1 0
2 0
-1
Step 384
- 0
0
-1
Step 385
- 0
1
8 77
-1
Step 386
+ 0
1
4 0
-1
Step 387
+ 0
1
1 484
-1
Step 389
+ 0
1
2 45
-1
Step 389
+ 0
4
3 0
4 529
1 0
2 0
-1
Step 390
+ 0
1
5 529
-1
Step 391
+ 0
1
1 45
-1
Step 393
+ 0
1
2 2
-1
Step 393
+ 0
4
3 0
4 47
1 0
2 0
-1
Step 394
+ 0
1
6 47
-1
Step 395
+ 0
0
529
Step 396
+ 0
0
-1
Step 397
- 0
1
4 0
-1
Step 398
- 0
1
1 77
-1
Step 400
- 0
1
2 1
-1
Step 400
- 0
4
3 0
4 76
1 0
2 0
-1
Step 401
- 0
0
-1
Step 402
- 0
1
8 76
-1
Step 403
+ 0
1
4 0
-1
Step 404
+ 0
1
1 529
-1
Step 406
+ 0
1
2 47
-1
Step 406
+ 0
4
3 0
4 576
1 0
2 0
-1
Step 407
+ 0
1
5 576
-1
Step 408
+ 0
1
1 47
-1
Step 410
+ 0
1
2 2
-1
Step 410
+ 0
4
3 0
4 49
1 0
2 0
-1
Step 411
+ 0
1
6 49
-1
Step 412
+ 0
0
576
Step 413
+ 0
0
-1
Step 414
- 0
1
4 0
-1
Step 415
- 0
1
1 76
-1
Step 417
- 0
1
2 1
-1
Step 417
- 0
4
3 0
4 75
1 0
2 0
-1
Step 418
- 0
0
-1
Step 419
- 0
1
8 75
-1
Step 420
+ 0
1
4 0
-1
Step 421
+ 0
1
1 576
-1
Step 423
+ 0
1
2 49
-1
Step 423
+ 0
4
3 0
4 625
1 0
2 0
-1
Step 424
+ 0
1
5 625
-1
Step 425
+ 0
1
1 49
-1
Step 427
+ 0
1
2 2
-1
Step 427
+ 0
4
3 0
4 51
1 0
2 0
-1
Step 428
+ 0
1
6 51
-1
Step 429
+ 0
0
625
Step 430
+ 0
0
-1
Step 431
- 0
1
4 0
-1
Step 432
- 0
1
1 75
-1
Step 434
- 0
1
2 1
-1
Step 434
- 0
4
3 0
4 74
1 0
2 0
-1
Step 435
- 0
0
-1
Step 436
- 0
1
8 74
-1
Step 437
+ 0
1
4 0
-1
Step 438
+ 0
1
1 625
-1
Step 440
+ 0
1
2 51
-1
Step 440
+ 0
4
3 0
4 676
1 0
2 0
-1
Step 441
+ 0
1
5 676
-1
Step 442
+ 0
1
1 51
-1
Step 444
+ 0
1
2 2
-1
Step 444
+ 0
4
3 0
4 53
1 0
2 0
-1
Step 445
+ 0
1
6 53
-1
Step 446
+ 0
0
676
Step 447
+ 0
0
-1
Step 448
- 0
1
4 0
-1
Step 449
- 0
1
1 74
-1
Step 451
- 0
1
2 1
-1
Step 451
- 0
4
3 0
4 73
1 0
2 0
-1
Step 452
- 0
0
-1
Step 453
- 0
1
8 73
-1
Step 454
+ 0
1
4 0
-1
Step 455
+ 0
1
1 676
-1
Step 457
+ 0
1
2 53
-1
Step 457
+ 0
4
3 0
4 729
1 0
2 0
-1
Step 458
+ 0
1
5 729
-1
Step 459
+ 0
1
1 53
-1
Step 461
+ 0
1
2 2
-1
Step 461
+ 0
4
3 0
4 55
1 0
2 0
-1
Step 462
+ 0
1
6 55
-1
Step 463
+ 0
0
729
Step 464
+ 0
0
-1
Step 465
- 0
1
4 0
-1
Step 466
- 0
1
1 73
-1
Step 468
- 0
1
2 1
-1
Step 468
- 0
4
3 0
4 72
1 0
2 0
-1
Step 469
- 0
0
-1
Step 470
- 0
1
8 72
-1
Step 471
+ 0
1
4 0
-1
Step 472
+ 0
1
1 729
-1
Step 474
+ 0
1
2 55
-1
Step 474
+ 0
4
3 0
4 784
1 0
2 0
-1
Step 475
+ 0
1
5 784
-1
Step 476
+ 0
1
1 55
-1
Step 478
+ 0
1
2 2
-1
Step 478
+ 0
4
3 0
4 57
1 0
2 0
-1
Step 479
+ 0
1
6 57
-1
Step 480
+ 0
0
784
Step 481
+ 0
0
-1
Step 482
- 0
1
4 0
-1
Step 483
- 0
1
1 72
-1
Step 485
- 0
1
2 1
-1
Step 485
- 0
4
3 0
4 71
1 0
2 0
-1
Step 486
- 0
0
-1
Step 487
- 0
1
8 71
-1
Step 488
+ 0
1
4 0
-1
Step 489
+ 0
1
1 784
-1
Step 491
+ 0
1
2 57
-1
Step 491
+ 0
4
3 0
4 841
1 0
2 0
-1
Step 492
+ 0
1
5 841
-1
Step 493
+ 0
1
1 57
-1
Step 495
+ 0
1
2 2
-1
Step 495
+ 0
4
3 0
4 59
1 0
2 0
-1
Step 496
+ 0
1
6 59
-1
Step 497
+ 0
0
841
Step 498
+ 0
0
-1
Step 499
- 0
1
4 0
-1
Step 500
- 0
1
1 71
-1
Step 502
- 0
1
2 1
-1
Step 502
- 0
4
3 0
4 70
1 0
2 0
-1
Step 503
- 0
0
-1
Step 504
- 0
1
8 70
-1
Step 505
+ 0
1
4 0
-1
Step 506
+ 0
1
1 841
-1
Step 508
+ 0
1
2 59
-1
Step 508
+ 0
4
3 0
4 900
1 0
2 0
-1
Step 509
+ 0
1
5 900
-1
Step 510
+ 0
1
1 59
-1
Step 512
+ 0
1
2 2
-1
Step 512
+ 0
4
3 0
4 61
1 0
2 0
-1
Step 513
+ 0
1
6 61
-1
Step 514
+ 0
0
900
Step 515
+ 0
0
-1
Step 516
- 0
1
4 0
-1
Step 517
- 0
1
1 70
-1
Step 519
- 0
1
2 1
-1
Step 519
- 0
4
3 0
4 69
1 0
2 0
-1
Step 520
- 0
0
-1
Step 521
- 0
1
8 69
-1
Step 522
+ 0
1
4 0
-1
Step 523
+ 0
1
1 900
-1
Step 525
+ 0
1
2 61
-1
Step 525
+ 0
4
3 0
4 961
1 0
2 0
-1
Step 526
+ 0
1
5 961
-1
Step 527
+ 0
1
1 61
-1
Step 529
+ 0
1
2 2
-1
Step 529
+ 0
4
3 0
4 63
1 0
2 0
-1
Step 530
+ 0
1
6 63
-1
Step 531
+ 0
0
961
Step 532
+ 0
0
-1
Step 533
- 0
1
4 0
-1
Step 534
- 0
1
1 69
-1
Step 536
- 0
1
2 1
-1
Step 536
- 0
4
3 0
4 68
1 0
2 0
-1
Step 537
- 0
0
-1
Step 538
- 0
1
8 68
-1
Step 539
+ 0
1
4 0
-1
Step 540
+ 0
1
1 961
-1
Step 542
+ 0
1
2 63
-1
Step 542
+ 0
4
3 0
4 1024
1 0
2 0
-1
Step 543
+ 0
1
5 1024
-1
Step 544
+ 0
1
1 63
-1
Step 546
+ 0
1
2 2
-1
Step 546
+ 0
4
3 0
4 65
1 0
2 0
-1
Step 547
+ 0
1
6 65
-1
Step 548
+ 0
0
1024
Step 549
+ 0
0
-1
Step 550
- 0
1
4 0
-1
Step 551
- 0
1
1 68
-1
Step 553
- 0
1
2 1
-1
Step 553
- 0
4
3 0
4 67
1 0
2 0
-1
Step 554
- 0
0
-1
Step 555
- 0
1
8 67
-1
Step 556
+ 0
1
4 0
-1
Step 557
+ 0
1
1 1024
-1
Step 559
+ 0
1
2 65
-1
Step 559
+ 0
4
3 0
4 1089
1 0
2 0
-1
Step 560
+ 0
1
5 1089
-1
Step 561
+ 0
1
1 65
-1
Step 563
+ 0
1
2 2
-1
Step 563
+ 0
4
3 0
4 67
1 0
2 0
-1
Step 564
+ 0
1
6 67
-1
Step 565
+ 0
0
1089
Step 566
+ 0
0
-1
Step 567
- 0
1
4 0
-1
Step 568
- 0
1
1 67
-1
Step 570
- 0
1
2 1
-1
Step 570
- 0
4
3 0
4 66
1 0
2 0
-1
Step 571
- 0
0
-1
Step 572
- 0
1
8 66
-1
Step 573
+ 0
1
4 0
-1
Step 574
+ 0
1
1 1089
-1
Step 576
+ 0
1
2 67
-1
Step 576
+ 0
4
3 0
4 1156
1 0
2 0
-1
Step 577
+ 0
1
5 1156
-1
Step 578
+ 0
1
1 67
-1
Step 580
+ 0
1
2 2
-1
Step 580
+ 0
4
3 0
4 69
1 0
2 0
-1
Step 581
+ 0
1
6 69
-1
Step 582
+ 0
0
1156
Step 583
+ 0
0
-1
Step 584
- 0
1
4 0
-1
Step 585
- 0
1
1 66
-1
Step 587
- 0
1
2 1
-1
Step 587
- 0
4
3 0
4 65
1 0
2 0
-1
Step 588
- 0
0
-1
Step 589
- 0
1
8 65
-1
Step 590
+ 0
1
4 0
-1
Step 591
+ 0
1
1 1156
-1
Step 593
+ 0
1
2 69
-1
Step 593
+ 0
4
3 0
4 1225
1 0
2 0
-1
Step 594
+ 0
1
5 1225
-1
Step 595
+ 0
1
1 69
-1
Step 597
+ 0
1
2 2
-1
Step 597
+ 0
4
3 0
4 71
1 0
2 0
-1
Step 598
+ 0
1
6 71
-1
Step 599
+ 0
0
1225
Step 600
+ 0
0
-1
Step 601
- 0
1
4 0
-1
Step 602
- 0
1
1 65
-1
Step 604
- 0
1
2 1
-1
Step 604
- 0
4
3 0
4 64
1 0
2 0
-1
Step 605
- 0
0
-1
Step 606
- 0
1
8 64
-1
Step 607
+ 0
1
4 0
-1
Step 608
+ 0
1
1 1225
-1
Step 610
+ 0
1
2 71
-1
Step 610
+ 0
4
3 0
4 1296
1 0
2 0
-1
Step 611
+ 0
1
5 1296
-1
Step 612
+ 0
1
1 71
-1
Step 614
+ 0
1
2 2
-1
Step 614
+ 0
4
3 0
4 73
1 0
2 0
-1
Step 615
+ 0
1
6 73
-1
Step 616
+ 0
0
1296
Step 617
+ 0
0
-1
Step 618
- 0
1
4 0
-1
Step 619
- 0
1
1 64
-1
Step 621
- 0
1
2 1
-1
Step 621
- 0
4
3 0
4 63
1 0
2 0
-1
Step 622
- 0
0
-1
Step 623
- 0
1
8 63
-1
Step 624
+ 0
1
4 0
-1
Step 625
+ 0
1
1 1296
-1
Step 627
+ 0
1
2 73
-1
Step 627
+ 0
4
3 0
4 1369
1 0
2 0
-1
Step 628
+ 0
1
5 1369
-1
Step 629
+ 0
1
1 73
-1
Step 631
+ 0
1
2 2
-1
Step 631
+ 0
4
3 0
4 75
1 0
2 0
-1
Step 632
+ 0
1
6 75
-1
Step 633
+ 0
0
1369
Step 634
+ 0
0
-1
Step 635
- 0
1
4 0
-1
Step 636
- 0
1
1 63
-1
Step 638
- 0
1
2 1
-1
Step 638
- 0
4
3 0
4 62
1 0
2 0
-1
Step 639
- 0
0
-1
Step 640
- 0
1
8 62
-1
Step 641
+ 0
1
4 0
-1
Step 642
+ 0
1
1 1369
-1
Step 644
+ 0
1
2 75
-1
Step 644
+ 0
4
3 0
4 1444
1 0
2 0
-1
Step 645
+ 0
1
5 1444
-1
Step 646
+ 0
1
1 75
-1
Step 648
+ 0
1
2 2
-1
Step 648
+ 0
4
3 0
4 77
1 0
2 0
-1
Step 649
+ 0
1
6 77
-1
Step 650
+ 0
0
1444
Step 651
+ 0
0
-1
Step 652
- 0
1
4 0
-1
Step 653
- 0
1
1 62
-1
Step 655
- 0
1
2 1
-1
Step 655
- 0
4
3 0
4 61
1 0
2 0
-1
Step 656
- 0
0
-1
Step 657
- 0
1
8 61
-1
Step 658
+ 0
1
4 0
-1
Step 659
+ 0
1
1 1444
-1
Step 661
+ 0
1
2 77
-1
Step 661
+ 0
4
3 0
4 1521
1 0
2 0
-1
Step 662
+ 0
1
5 1521
-1
Step 663
+ 0
1
1 77
-1
Step 665
+ 0
1
2 2
-1
Step 665
+ 0
4
3 0
4 79
1 0
2 0
-1
Step 666
+ 0
1
6 79
-1
Step 667
+ 0
0
1521
Step 668
+ 0
0
-1
Step 669
- 0
1
4 0
-1
Step 670
- 0
1
1 61
-1
Step 672
- 0
1
2 1
-1
Step 672
- 0
4
3 0
4 60
1 0
2 0
-1
Step 673
- 0
0
-1
Step 674
- 0
1
8 60
-1
Step 675
+ 0
1
4 0
-1
Step 676
+ 0
1
1 1521
-1
Step 678
+ 0
1
2 79
-1
Step 678
+ 0
4
3 0
4 1600
1 0
2 0
-1
Step 679
+ 0
1
5 1600
-1
Step 680
+ 0
1
1 79
-1
Step 682
+ 0
1
2 2
-1
Step 682
+ 0
4
3 0
4 81
1 0
2 0
-1
Step 683
+ 0
1
6 81
-1
Step 684
+ 0
0
1600
Step 685
+ 0
0
-1
Step 686
- 0
1
4 0
-1
Step 687
- 0
1
1 60
-1
Step 689
- 0
1
2 1
-1
Step 689
- 0
4
3 0
4 59
1 0
2 0
-1
Step 690
- 0
0
-1
Step 691
- 0
1
8 59
-1
Step 692
+ 0
1
4 0
-1
Step 693
+ 0
1
1 1600
-1
Step 695
+ 0
1
2 81
-1
Step 695
+ 0
4
3 0
4 1681
1 0
2 0
-1
Step 696
+ 0
1
5 1681
-1
Step 697
+ 0
1
1 81
-1
Step 699
+ 0
1
2 2
-1
Step 699
+ 0
4
3 0
4 83
1 0
2 0
-1
Step 700
+ 0
1
6 83
-1
Step 701
+ 0
0
1681
Step 702
+ 0
0
-1
Step 703
- 0
1
4 0
-1
Step 704
- 0
1
1 59
-1
Step 706
- 0
1
2 1
-1
Step 706
- 0
4
3 0
4 58
1 0
2 0
-1
Step 707
- 0
0
-1
Step 708
- 0
1
8 58
-1
Step 709
+ 0
1
4 0
-1
Step 710
+ 0
1
1 1681
-1
Step 712
+ 0
1
2 83
-1
Step 712
+ 0
4
3 0
4 1764
1 0
2 0
-1
Step 713
+ 0
1
5 1764
-1
Step 714
+ 0
1
1 83
-1
Step 716
+ 0
1
2 2
-1
Step 716
+ 0
4
3 0
4 85
1 0
2 0
-1
Step 717
+ 0
1
6 85
-1
Step 718
+ 0
0
1764
Step 719
+ 0
0
-1
Step 720
- 0
1
4 0
-1
Step 721
- 0
1
1 58
-1
Step 723
- 0
1
2 1
-1
Step 723
- 0
4
3 0
4 57
1 0
2 0
-1
Step 724
- 0
0
-1
Step 725
- 0
1
8 57
-1
Step 726
+ 0
1
4 0
-1
Step 727
+ 0
1
1 1764
-1
Step 729
+ 0
1
2 85
-1
Step 729
+ 0
4
3 0
4 1849
1 0
2 0
-1
Step 730
+ 0
1
5 1849
-1
Step 731
+ 0
1
1 85
-1
Step 733
+ 0
1
2 2
-1
Step 733
+ 0
4
3 0
4 87
1 0
2 0
-1
Step 734
+ 0
1
6 87
-1
Step 735
+ 0
0
1849
Step 736
+ 0
0
-1
Step 737
- 0
1
4 0
-1
Step 738
- 0
1
1 57
-1
Step 740
- 0
1
2 1
-1
Step 740
- 0
4
3 0
4 56
1 0
2 0
-1
Step 741
- 0
0
-1
Step 742
- 0
1
8 56
-1
Step 743
+ 0
1
4 0
-1
Step 744
+ 0
1
1 1849
-1
Step 746
+ 0
1
2 87
-1
Step 746
+ 0
4
3 0
4 1936
1 0
2 0
-1
Step 747
+ 0
1
5 1936
-1
Step 748
+ 0
1
1 87
-1
Step 750
+ 0
1
2 2
-1
Step 750
+ 0
4
3 0
4 89
1 0
2 0
-1
Step 751
+ 0
1
6 89
-1
Step 752
+ 0
0
1936
Step 753
+ 0
0
-1
Step 754
- 0
1
4 0
-1
Step 755
- 0
1
1 56
-1
Step 757
- 0
1
2 1
-1
Step 757
- 0
4
3 0
4 55
1 0
2 0
-1
Step 758
- 0
0
-1
Step 759
- 0
1
8 55
-1
Step 760
+ 0
1
4 0
-1
Step 761
+ 0
1
1 1936
-1
Step 763
+ 0
1
2 89
-1
Step 763
+ 0
4
3 0
4 2025
1 0
2 0
-1
Step 764
+ 0
1
5 2025
-1
Step 765
+ 0
1
1 89
-1
Step 767
+ 0
1
2 2
-1
Step 767
+ 0
4
3 0
4 91
1 0
2 0
-1
Step 768
+ 0
1
6 91
-1
Step 769
+ 0
0
2025
Step 770
+ 0
0
-1
Step 771
- 0
1
4 0
-1
Step 772
- 0
1
1 55
-1
Step 774
- 0
1
2 1
-1
Step 774
- 0
4
3 0
4 54
1 0
2 0
-1
Step 775
- 0
0
-1
Step 776
- 0
1
8 54
-1
Step 777
+ 0
1
4 0
-1
Step 778
+ 0
1
1 2025
-1
Step 780
+ 0
1
2 91
-1
Step 780
+ 0
4
3 0
4 2116
1 0
2 0
-1
Step 781
+ 0
1
5 2116
-1
Step 782
+ 0
1
1 91
-1
Step 784
+ 0
1
2 2
-1
Step 784
+ 0
4
3 0
4 93
1 0
2 0
-1
Step 785
+ 0
1
6 93
-1
Step 786
+ 0
0
2116
Step 787
+ 0
0
-1
Step 788
- 0
1
4 0
-1
Step 789
- 0
1
1 54
-1
Step 791
- 0
1
2 1
-1
Step 791
- 0
4
3 0
4 53
1 0
2 0
-1
Step 792
- 0
0
-1
Step 793
- 0
1
8 53
-1
Step 794
+ 0
1
4 0
-1
Step 795
+ 0
1
1 2116
-1
Step 797
+ 0
1
2 93
-1
Step 797
+ 0
4
3 0
4 2209
1 0
2 0
-1
Step 798
+ 0
1
5 2209
-1
Step 799
+ 0
1
1 93
-1
Step 801
+ 0
1
2 2
-1
Step 801
+ 0
4
3 0
4 95
1 0
2 0
-1
Step 802
+ 0
1
6 95
-1
Step 803
+ 0
0
2209
Step 804
+ 0
0
-1
Step 805
- 0
1
4 0
-1
Step 806
- 0
1
1 53
-1
Step 808
- 0
1
2 1
-1
Step 808
- 0
4
3 0
4 52
1 0
2 0
-1
Step 809
- 0
0
-1
Step 810
- 0
1
8 52
-1
Step 811
+ 0
1
4 0
-1
Step 812
+ 0
1
1 2209
-1
Step 814
+ 0
1
2 95
-1
Step 814
+ 0
4
3 0
4 2304
1 0
2 0
-1
Step 815
+ 0
1
5 2304
-1
Step 816
+ 0
1
1 95
-1
Step 818
+ 0
1
2 2
-1
Step 818
+ 0
4
3 0
4 97
1 0
2 0
-1
Step 819
+ 0
1
6 97
-1
Step 820
+ 0
0
2304
Step 821
+ 0
0
-1
Step 822
- 0
1
4 0
-1
Step 823
- 0
1
1 52
-1
Step 825
- 0
1
2 1
-1
Step 825
- 0
4
3 0
4 51
1 0
2 0
-1
Step 826
- 0
0
-1
Step 827
- 0
1
8 51
-1
Step 828
+ 0
1
4 0
-1
Step 829
+ 0
1
1 2304
-1
Step 831
+ 0
1
2 97
-1
Step 831
+ 0
4
3 0
4 2401
1 0
2 0
-1
Step 832
+ 0
1
5 2401
-1
Step 833
+ 0
1
1 97
-1
Step 835
+ 0
1
2 2
-1
Step 835
+ 0
4
3 0
4 99
1 0
2 0
-1
Step 836
+ 0
1
6 99
-1
Step 837
+ 0
0
2401
Step 838
+ 0
0
-1
Step 839
- 0
1
4 0
-1
Step 840
- 0
1
1 51
-1
Step 842
- 0
1
2 1
-1
Step 842
- 0
4
3 0
4 50
1 0
2 0
-1
Step 843
- 0
0
-1
Step 844
- 0
1
8 50
-1
Step 845
+ 0
1
4 0
-1
Step 846
+ 0
1
1 2401
-1
Step 848
+ 0
1
2 99
-1
Step 848
+ 0
4
3 0
4 2500
1 0
2 0
-1
Step 849
+ 0
1
5 2500
-1
Step 850
+ 0
1
1 99
-1
Step 852
+ 0
1
2 2
-1
Step 852
+ 0
4
3 0
4 101
1 0
2 0
-1
Step 853
+ 0
1
6 101
-1
Step 854
+ 0
0
2500
Step 855
+ 0
0
-1
Step 856
- 0
1
4 0
-1
Step 857
- 0
1
1 50
-1
Step 859
- 0
1
2 1
-1
Step 859
- 0
4
3 0
4 49
1 0
2 0
-1
Step 860
- 0
0
-1
Step 861
- 0
1
8 49
-1
Step 862
+ 0
1
4 0
-1
Step 863
+ 0
1
1 2500
-1
Step 865
+ 0
1
2 101
-1
Step 865
+ 0
4
3 0
4 2601
1 0
2 0
-1
Step 866
+ 0
1
5 2601
-1
Step 867
+ 0
1
1 101
-1
Step 869
+ 0
1
2 2
-1
Step 869
+ 0
4
3 0
4 103
1 0
2 0
-1
Step 870
+ 0
1
6 103
-1
Step 871
+ 0
0
2601
Step 872
+ 0
0
-1
Step 873
- 0
1
4 0
-1
Step 874
- 0
1
1 49
-1
Step 876
- 0
1
2 1
-1
Step 876
- 0
4
3 0
4 48
1 0
2 0
-1
Step 877
- 0
0
-1
Step 878
- 0
1
8 48
-1
Step 879
+ 0
1
4 0
-1
Step 880
+ 0
1
1 2601
-1
Step 882
+ 0
1
2 103
-1
Step 882
+ 0
4
3 0
4 2704
1 0
2 0
-1
Step 883
+ 0
1
5 2704
-1
Step 884
+ 0
1
1 103
-1
Step 886
+ 0
1
2 2
-1
Step 886
+ 0
4
3 0
4 105
1 0
2 0
-1
Step 887
+ 0
1
6 105
-1
Step 888
+ 0
0
2704
Step 889
+ 0
0
-1
Step 890
- 0
1
4 0
-1
Step 891
- 0
1
1 48
-1
Step 893
- 0
1
2 1
-1
Step 893
- 0
4
3 0
4 47
1 0
2 0
-1
Step 894
- 0
0
-1
Step 895
- 0
1
8 47
-1
Step 896
+ 0
1
4 0
-1
Step 897
+ 0
1
1 2704
-1
Step 899
+ 0
1
2 105
-1
Step 899
+ 0
4
3 0
4 2809
1 0
2 0
-1
Step 900
+ 0
1
5 2809
-1
Step 901
+ 0
1
1 105
-1
Step 903
+ 0
1
2 2
-1
Step 903
+ 0
4
3 0
4 107
1 0
2 0
-1
Step 904
+ 0
1
6 107
-1
Step 905
+ 0
0
2809
Step 906
+ 0
0
-1
Step 907
- 0
1
4 0
-1
Step 908
- 0
1
1 47
-1
Step 910
- 0
1
2 1
-1
Step 910
- 0
4
3 0
4 46
1 0
2 0
-1
Step 911
- 0
0
-1
Step 912
- 0
1
8 46
-1
Step 913
+ 0
1
4 0
-1
Step 914
+ 0
1
1 2809
-1
Step 916
+ 0
1
2 107
-1
Step 916
+ 0
4
3 0
4 2916
1 0
2 0
-1
Step 917
+ 0
1
5 2916
-1
Step 918
+ 0
1
1 107
-1
Step 920
+ 0
1
2 2
-1
Step 920
+ 0
4
3 0
4 109
1 0
2 0
-1
Step 921
+ 0
1
6 109
-1
Step 922
+ 0
0
2916
Step 923
+ 0
0
-1
Step 924
- 0
1
4 0
-1
Step 925
- 0
1
1 46
-1
Step 927
- 0
1
2 1
-1
Step 927
- 0
4
3 0
4 45
1 0
2 0
-1
Step 928
- 0
0
-1
Step 929
- 0
1
8 45
-1
Step 930
+ 0
1
4 0
-1
Step 931
+ 0
1
1 2916
-1
Step 933
+ 0
1
2 109
-1
Step 933
+ 0
4
3 0
4 3025
1 0
2 0
-1
Step 934
+ 0
1
5 3025
-1
Step 935
+ 0
1
1 109
-1
Step 937
+ 0
1
2 2
-1
Step 937
+ 0
4
3 0
4 111
1 0
2 0
-1
Step 938
+ 0
1
6 111
-1
Step 939
+ 0
0
3025
Step 940
+ 0
0
-1
Step 941
- 0
1
4 0
-1
Step 942
- 0
1
1 45
-1
Step 944
- 0
1
2 1
-1
Step 944
- 0
4
3 0
4 44
1 0
2 0
-1
Step 945
- 0
0
-1
Step 946
- 0
1
8 44
-1
Step 947
+ 0
1
4 0
-1
Step 948
+ 0
1
1 3025
-1
Step 950
+ 0
1
2 111
-1
Step 950
+ 0
4
3 0
4 3136
1 0
2 0
-1
Step 951
+ 0
1
5 3136
-1
Step 952
+ 0
1
1 111
-1
Step 954
+ 0
1
2 2
-1
Step 954
+ 0
4
3 0
4 113
1 0
2 0
-1
Step 955
+ 0
1
6 113
-1
Step 956
+ 0
0
3136
Step 957
+ 0
0
-1
Step 958
- 0
1
4 0
-1
Step 959
- 0
1
1 44
-1
Step 961
- 0
1
2 1
-1
Step 961
- 0
4
3 0
4 43
1 0
2 0
-1
Step 962
- 0
0
-1
Step 963
- 0
1
8 43
-1
Step 964
+ 0
1
4 0
-1
Step 965
+ 0
1
1 3136
-1
Step 967
+ 0
1
2 113
-1
Step 967
+ 0
4
3 0
4 3249
1 0
2 0
-1
Step 968
+ 0
1
5 3249
-1
Step 969
+ 0
1
1 113
-1
Step 971
+ 0
1
2 2
-1
Step 971
+ 0
4
3 0
4 115
1 0
2 0
-1
Step 972
+ 0
1
6 115
-1
Step 973
+ 0
0
3249
Step 974
+ 0
0
-1
Step 975
- 0
1
4 0
-1
Step 976
- 0
1
1 43
-1
Step 978
- 0
1
2 1
-1
Step 978
- 0
4
3 0
4 42
1 0
2 0
-1
Step 979
- 0
0
-1
Step 980
- 0
1
8 42
-1
Step 981
+ 0
1
4 0
-1
Step 982
+ 0
1
1 3249
-1
Step 984
+ 0
1
2 115
-1
Step 984
+ 0
4
3 0
4 3364
1 0
2 0
-1
Step 985
+ 0
1
5 3364
-1
Step 986
+ 0
1
1 115
-1
Step 988
+ 0
1
2 2
-1
Step 988
+ 0
4
3 0
4 117
1 0
2 0
-1
Step 989
+ 0
1
6 117
-1
Step 990
+ 0
0
3364
Step 991
+ 0
0
-1
Step 992
- 0
1
4 0
-1
Step 993
- 0
1
1 42
-1
Step 995
- 0
1
2 1
-1
Step 995
- 0
4
3 0
4 41
1 0
2 0
-1
Step 996
- 0
0
-1
Step 997
- 0
1
8 41
-1
Step 998
+ 0
1
4 0
-1
Step 999
+ 0
1
1 3364
-1
Step 1001
+ 0
1
2 117
-1
Step 1001
+ 0
4
3 0
4 3481
1 0
2 0
-1
Step 1002
+ 0
1
5 3481
-1
Step 1003
+ 0
1
1 117
-1
Step 1005
+ 0
1
2 2
-1
Step 1005
+ 0
4
3 0
4 119
1 0
2 0
-1
Step 1006
+ 0
1
6 119
-1
Step 1007
+ 0
0
3481
Step 1008
+ 0
0
-1
Step 1009
- 0
1
4 0
-1
Step 1010
- 0
1
1 41
-1
Step 1012
- 0
1
2 1
-1
Step 1012
- 0
4
3 0
4 40
1 0
2 0
-1
Step 1013
- 0
0
-1
Step 1014
- 0
1
8 40
-1
Step 1015
+ 0
1
4 0
-1
Step 1016
+ 0
1
1 3481
-1
Step 1018
+ 0
1
2 119
-1
Step 1018
+ 0
4
3 0
4 3600
1 0
2 0
-1
Step 1019
+ 0
1
5 3600
-1
Step 1020
+ 0
1
1 119
-1
Step 1022
+ 0
1
2 2
-1
Step 1022
+ 0
4
3 0
4 121
1 0
2 0
-1
Step 1023
+ 0
1
6 121
-1
Step 1024
+ 0
0
3600
Step 1025
+ 0
0
-1
Step 1026
- 0
1
4 0
-1
Step 1027
- 0
1
1 40
-1
Step 1029
- 0
1
2 1
-1
Step 1029
- 0
4
3 0
4 39
1 0
2 0
-1
Step 1030
- 0
0
-1
Step 1031
- 0
1
8 39
-1
Step 1032
+ 0
1
4 0
-1
Step 1033
+ 0
1
1 3600
-1
Step 1035
+ 0
1
2 121
-1
Step 1035
+ 0
4
3 0
4 3721
1 0
2 0
-1
Step 1036
+ 0
1
5 3721
-1
Step 1037
+ 0
1
1 121
-1
Step 1039
+ 0
1
2 2
-1
Step 1039
+ 0
4
3 0
4 123
1 0
2 0
-1
Step 1040
+ 0
1
6 123
-1
Step 1041
+ 0
0
3721
Step 1042
+ 0
0
-1
Step 1043
- 0
1
4 0
-1
Step 1044
- 0
1
1 39
-1
Step 1046
- 0
1
2 1
-1
Step 1046
- 0
4
3 0
4 38
1 0
2 0
-1
Step 1047
- 0
0
-1
Step 1048
- 0
1
8 38
-1
Step 1049
+ 0
1
4 0
-1
Step 1050
+ 0
1
1 3721
-1
Step 1052
+ 0
1
2 123
-1
Step 1052
+ 0
4
3 0
4 3844
1 0
2 0
-1
Step 1053
+ 0
1
5 3844
-1
Step 1054
+ 0
1
1 123
-1
Step 1056
+ 0
1
2 2
-1
Step 1056
+ 0
4
3 0
4 125
1 0
2 0
-1
Step 1057
+ 0
1
6 125
-1
Step 1058
+ 0
0
3844
Step 1059
+ 0
0
-1
Step 1060
- 0
1
4 0
-1
Step 1061
- 0
1
1 38
-1
Step 1063
- 0
1
2 1
-1
Step 1063
- 0
4
3 0
4 37
1 0
2 0
-1
Step 1064
- 0
0
-1
Step 1065
- 0
1
8 37
-1
Step 1066
+ 0
1
4 0
-1
Step 1067
+ 0
1
1 3844
-1
Step 1069
+ 0
1
2 125
-1
Step 1069
+ 0
4
3 0
4 3969
1 0
2 0
-1
Step 1070
+ 0
1
5 3969
-1
Step 1071
+ 0
1
1 125
-1
Step 1073
+ 0
1
2 2
-1
Step 1073
+ 0
4
3 0
4 127
1 0
2 0
-1
Step 1074
+ 0
1
6 127
-1
Step 1075
+ 0
0
3969
Step 1076
+ 0
0
-1
Step 1077
- 0
1
4 0
-1
Step 1078
- 0
1
1 37
-1
Step 1080
- 0
1
2 1
-1
Step 1080
- 0
4
3 0
4 36
1 0
2 0
-1
Step 1081
- 0
0
-1
Step 1082
- 0
1
8 36
-1
Step 1083
+ 0
1
4 0
-1
Step 1084
+ 0
1
1 3969
-1
Step 1086
+ 0
1
2 127
-1
Step 1086
+ 0
4
3 0
4 4096
1 0
2 0
-1
Step 1087
+ 0
1
5 4096
-1
Step 1088
+ 0
1
1 127
-1
Step 1090
+ 0
1
2 2
-1
Step 1090
+ 0
4
3 0
4 129
1 0
2 0
-1
Step 1091
+ 0
1
6 129
-1
Step 1092
+ 0
0
4096
Step 1093
+ 0
0
-1
Step 1094
- 0
1
4 0
-1
Step 1095
- 0
1
1 36
-1
Step 1097
- 0
1
2 1
-1
Step 1097
- 0
4
3 0
4 35
1 0
2 0
-1
Step 1098
- 0
0
-1
Step 1099
- 0
1
8 35
-1
Step 1100
+ 0
1
4 0
-1
Step 1101
+ 0
1
1 4096
-1
Step 1103
+ 0
1
2 129
-1
Step 1103
+ 0
4
3 0
4 4225
1 0
2 0
-1
Step 1104
+ 0
1
5 4225
-1
Step 1105
+ 0
1
1 129
-1
Step 1107
+ 0
1
2 2
-1
Step 1107
+ 0
4
3 0
4 131
1 0
2 0
-1
Step 1108
+ 0
1
6 131
-1
Step 1109
+ 0
0
4225
Step 1110
+ 0
0
-1
Step 1111
- 0
1
4 0
-1
Step 1112
- 0
1
1 35
-1
Step 1114
- 0
1
2 1
-1
Step 1114
- 0
4
3 0
4 34
1 0
2 0
-1
Step 1115
- 0
0
-1
Step 1116
- 0
1
8 34
-1
Step 1117
+ 0
1
4 0
-1
Step 1118
+ 0
1
1 4225
-1
Step 1120
+ 0
1
2 131
-1
Step 1120
+ 0
4
3 0
4 4356
1 0
2 0
-1
Step 1121
+ 0
1
5 4356
-1
Step 1122
+ 0
1
1 131
-1
Step 1124
+ 0
1
2 2
-1
Step 1124
+ 0
4
3 0
4 133
1 0
2 0
-1
Step 1125
+ 0
1
6 133
-1
Step 1126
+ 0
0
4356
Step 1127
+ 0
0
-1
Step 1128
- 0
1
4 0
-1
Step 1129
- 0
1
1 34
-1
Step 1131
- 0
1
2 1
-1
Step 1131
- 0
4
3 0
4 33
1 0
2 0
-1
Step 1132
- 0
0
-1
Step 1133
- 0
1
8 33
-1
Step 1134
+ 0
1
4 0
-1
Step 1135
+ 0
1
1 4356
-1
Step 1137
+ 0
1
2 133
-1
Step 1137
+ 0
4
3 0
4 4489
1 0
2 0
-1
Step 1138
+ 0
1
5 4489
-1
Step 1139
+ 0
1
1 133
-1
Step 1141
+ 0
1
2 2
-1
Step 1141
+ 0
4
3 0
4 135
1 0
2 0
-1
Step 1142
+ 0
1
6 135
-1
Step 1143
+ 0
0
4489
Step 1144
+ 0
0
-1
Step 1145
- 0
1
4 0
-1
Step 1146
- 0
1
1 33
-1
Step 1148
- 0
1
2 1
-1
Step 1148
- 0
4
3 0
4 32
1 0
2 0
-1
Step 1149
- 0
0
-1
Step 1150
- 0
1
8 32
-1
Step 1151
+ 0
1
4 0
-1
Step 1152
+ 0
1
1 4489
-1
Step 1154
+ 0
1
2 135
-1
Step 1154
+ 0
4
3 0
4 4624
1 0
2 0
-1
Step 1155
+ 0
1
5 4624
-1
Step 1156
+ 0
1
1 135
-1
Step 1158
+ 0
1
2 2
-1
Step 1158
+ 0
4
3 0
4 137
1 0
2 0
-1
Step 1159
+ 0
1
6 137
-1
Step 1160
+ 0
0
4624
Step 1161
+ 0
0
-1
Step 1162
- 0
1
4 0
-1
Step 1163
- 0
1
1 32
-1
Step 1165
- 0
1
2 1
-1
Step 1165
- 0
4
3 0
4 31
1 0
2 0
-1
Step 1166
- 0
0
-1
Step 1167
- 0
1
8 31
-1
Step 1168
+ 0
1
4 0
-1
Step 1169
+ 0
1
1 4624
-1
Step 1171
+ 0
1
2 137
-1
Step 1171
+ 0
4
3 0
4 4761
1 0
2 0
-1
Step 1172
+ 0
1
5 4761
-1
Step 1173
+ 0
1
1 137
-1
Step 1175
+ 0
1
2 2
-1
Step 1175
+ 0
4
3 0
4 139
1 0
2 0
-1
Step 1176
+ 0
1
6 139
-1
Step 1177
+ 0
0
4761
Step 1178
+ 0
0
-1
Step 1179
- 0
1
4 0
-1
Step 1180
- 0
1
1 31
-1
Step 1182
- 0
1
2 1
-1
Step 1182
- 0
4
3 0
4 30
1 0
2 0
-1
Step 1183
- 0
0
-1
Step 1184
- 0
1
8 30
-1
Step 1185
+ 0
1
4 0
-1
Step 1186
+ 0
1
1 4761
-1
Step 1188
+ 0
1
2 139
-1
Step 1188
+ 0
4
3 0
4 4900
1 0
2 0
-1
Step 1189
+ 0
1
5 4900
-1
Step 1190
+ 0
1
1 139
-1
Step 1192
+ 0
1
2 2
-1
Step 1192
+ 0
4
3 0
4 141
1 0
2 0
-1
Step 1193
+ 0
1
6 141
-1
Step 1194
+ 0
0
4900
Step 1195
+ 0
0
-1
Step 1196
- 0
1
4 0
-1
Step 1197
- 0
1
1 30
-1
Step 1199
- 0
1
2 1
-1
Step 1199
- 0
4
3 0
4 29
1 0
2 0
-1
Step 1200
- 0
0
-1
Step 1201
- 0
1
8 29
-1
Step 1202
+ 0
1
4 0
-1
Step 1203
+ 0
1
1 4900
-1
Step 1205
+ 0
1
2 141
-1
Step 1205
+ 0
4
3 0
4 5041
1 0
2 0
-1
Step 1206
+ 0
1
5 5041
-1
Step 1207
+ 0
1
1 141
-1
Step 1209
+ 0
1
2 2
-1
Step 1209
+ 0
4
3 0
4 143
1 0
2 0
-1
Step 1210
+ 0
1
6 143
-1
Step 1211
+ 0
0
5041
Step 1212
+ 0
0
-1
Step 1213
- 0
1
4 0
-1
Step 1214
- 0
1
1 29
-1
Step 1216
- 0
1
2 1
-1
Step 1216
- 0
4
3 0
4 28
1 0
2 0
-1
Step 1217
- 0
0
-1
Step 1218
- 0
1
8 28
-1
Step 1219
+ 0
1
4 0
-1
Step 1220
+ 0
1
1 5041
-1
Step 1222
+ 0
1
2 143
-1
Step 1222
+ 0
4
3 0
4 5184
1 0
2 0
-1
Step 1223
+ 0
1
5 5184
-1
Step 1224
+ 0
1
1 143
-1
Step 1226
+ 0
1
2 2
-1
Step 1226
+ 0
4
3 0
4 145
1 0
2 0
-1
Step 1227
+ 0
1
6 145
-1
Step 1228
+ 0
0
5184
Step 1229
+ 0
0
-1
Step 1230
- 0
1
4 0
-1
Step 1231
- 0
1
1 28
-1
Step 1233
- 0
1
2 1
-1
Step 1233
- 0
4
3 0
4 27
1 0
2 0
-1
Step 1234
- 0
0
-1
Step 1235
- 0
1
8 27
-1
Step 1236
+ 0
1
4 0
-1
Step 1237
+ 0
1
1 5184
-1
Step 1239
+ 0
1
2 145
-1
Step 1239
+ 0
4
3 0
4 5329
1 0
2 0
-1
Step 1240
+ 0
1
5 5329
-1
Step 1241
+ 0
1
1 145
-1
Step 1243
+ 0
1
2 2
-1
Step 1243
+ 0
4
3 0
4 147
1 0
2 0
-1
Step 1244
+ 0
1
6 147
-1
Step 1245
+ 0
0
5329
Step 1246
+ 0
0
-1
Step 1247
- 0
1
4 0
-1
Step 1248
- 0
1
1 27
-1
Step 1250
- 0
1
2 1
-1
Step 1250
- 0
4
3 0
4 26
1 0
2 0
-1
Step 1251
- 0
0
-1
Step 1252
- 0
1
8 26
-1
Step 1253
+ 0
1
4 0
-1
Step 1254
+ 0
1
1 5329
-1
Step 1256
+ 0
1
2 147
-1
Step 1256
+ 0
4
3 0
4 5476
1 0
2 0
-1
Step 1257
+ 0
1
5 5476
-1
Step 1258
+ 0
1
1 147
-1
Step 1260
+ 0
1
2 2
-1
Step 1260
+ 0
4
3 0
4 149
1 0
2 0
-1
Step 1261
+ 0
1
6 149
-1
Step 1262
+ 0
0
5476
Step 1263
+ 0
0
-1
Step 1264
- 0
1
4 0
-1
Step 1265
- 0
1
1 26
-1
Step 1267
- 0
1
2 1
-1
Step 1267
- 0
4
3 0
4 25
1 0
2 0
-1
Step 1268
- 0
0
-1
Step 1269
- 0
1
8 25
-1
Step 1270
+ 0
1
4 0
-1
Step 1271
+ 0
1
1 5476
-1
Step 1273
+ 0
1
2 149
-1
Step 1273
+ 0
4
3 0
4 5625
1 0
2 0
-1
Step 1274
+ 0
1
5 5625
-1
Step 1275
+ 0
1
1 149
-1
Step 1277
+ 0
1
2 2
-1
Step 1277
+ 0
4
3 0
4 151
1 0
2 0
-1
Step 1278
+ 0
1
6 151
-1
Step 1279
+ 0
0
5625
Step 1280
+ 0
0
-1
Step 1281
- 0
1
4 0
-1
Step 1282
- 0
1
1 25
-1
Step 1284
- 0
1
2 1
-1
Step 1284
- 0
4
3 0
4 24
1 0
2 0
-1
Step 1285
- 0
0
-1
Step 1286
- 0
1
8 24
-1
Step 1287
+ 0
1
4 0
-1
Step 1288
+ 0
1
1 5625
-1
Step 1290
+ 0
1
2 151
-1
Step 1290
+ 0
4
3 0
4 5776
1 0
2 0
-1
Step 1291
+ 0
1
5 5776
-1
Step 1292
+ 0
1
1 151
-1
Step 1294
+ 0
1
2 2
-1
Step 1294
+ 0
4
3 0
4 153
1 0
2 0
-1
Step 1295
+ 0
1
6 153
-1
Step 1296
+ 0
0
5776
Step 1297
+ 0
0
-1
Step 1298
- 0
1
4 0
-1
Step 1299
- 0
1
1 24
-1
Step 1301
- 0
1
2 1
-1
Step 1301
- 0
4
3 0
4 23
1 0
2 0
-1
Step 1302
- 0
0
-1
Step 1303
- 0
1
8 23
-1
Step 1304
+ 0
1
4 0
-1
Step 1305
+ 0
1
1 5776
-1
Step 1307
+ 0
1
2 153
-1
Step 1307
+ 0
4
3 0
4 5929
1 0
2 0
-1
Step 1308
+ 0
1
5 5929
-1
Step 1309
+ 0
1
1 153
-1
Step 1311
+ 0
1
2 2
-1
Step 1311
+ 0
4
3 0
4 155
1 0
2 0
-1
Step 1312
+ 0
1
6 155
-1
Step 1313
+ 0
0
5929
Step 1314
+ 0
0
-1
Step 1315
- 0
1
4 0
-1
Step 1316
- 0
1
1 23
-1
Step 1318
- 0
1
2 1
-1
Step 1318
- 0
4
3 0
4 22
1 0
2 0
-1
Step 1319
- 0
0
-1
Step 1320
- 0
1
8 22
-1
Step 1321
+ 0
1
4 0
-1
Step 1322
+ 0
1
1 5929
-1
Step 1324
+ 0
1
2 155
-1
Step 1324
+ 0
4
3 0
4 6084
1 0
2 0
-1
Step 1325
+ 0
1
5 6084
-1
Step 1326
+ 0
1
1 155
-1
Step 1328
+ 0
1
2 2
-1
Step 1328
+ 0
4
3 0
4 157
1 0
2 0
-1
Step 1329
+ 0
1
6 157
-1
Step 1330
+ 0
0
6084
Step 1331
+ 0
0
-1
Step 1332
- 0
1
4 0
-1
Step 1333
- 0
1
1 22
-1
Step 1335
- 0
1
2 1
-1
Step 1335
- 0
4
3 0
4 21
1 0
2 0
-1
Step 1336
- 0
0
-1
Step 1337
- 0
1
8 21
-1
Step 1338
+ 0
1
4 0
-1
Step 1339
+ 0
1
1 6084
-1
Step 1341
+ 0
1
2 157
-1
Step 1341
+ 0
4
3 0
4 6241
1 0
2 0
-1
Step 1342
+ 0
1
5 6241
-1
Step 1343
+ 0
1
1 157
-1
Step 1345
+ 0
1
2 2
-1
Step 1345
+ 0
4
3 0
4 159
1 0
2 0
-1
Step 1346
+ 0
1
6 159
-1
Step 1347
+ 0
0
6241
Step 1348
+ 0
0
-1
Step 1349
- 0
1
4 0
-1
Step 1350
- 0
1
1 21
-1
Step 1352
- 0
1
2 1
-1
Step 1352
- 0
4
3 0
4 20
1 0
2 0
-1
Step 1353
- 0
0
-1
Step 1354
- 0
1
8 20
-1
Step 1355
+ 0
1
4 0
-1
Step 1356
+ 0
1
1 6241
-1
Step 1358
+ 0
1
2 159
-1
Step 1358
+ 0
4
3 0
4 6400
1 0
2 0
-1
Step 1359
+ 0
1
5 6400
-1
Step 1360
+ 0
1
1 159
-1
Step 1362
+ 0
1
2 2
-1
Step 1362
+ 0
4
3 0
4 161
1 0
2 0
-1
Step 1363
+ 0
1
6 161
-1
Step 1364
+ 0
0
6400
Step 1365
+ 0
0
-1
Step 1366
- 0
1
4 0
-1
Step 1367
- 0
1
1 20
-1
Step 1369
- 0
1
2 1
-1
Step 1369
- 0
4
3 0
4 19
1 0
2 0
-1
Step 1370
- 0
0
-1
Step 1371
- 0
1
8 19
-1
Step 1372
+ 0
1
4 0
-1
Step 1373
+ 0
1
1 6400
-1
Step 1375
+ 0
1
2 161
-1
Step 1375
+ 0
4
3 0
4 6561
1 0
2 0
-1
Step 1376
+ 0
1
5 6561
-1
Step 1377
+ 0
1
1 161
-1
Step 1379
+ 0
1
2 2
-1
Step 1379
+ 0
4
3 0
4 163
1 0
2 0
-1
Step 1380
+ 0
1
6 163
-1
Step 1381
+ 0
0
6561
Step 1382
+ 0
0
-1
Step 1383
- 0
1
4 0
-1
Step 1384
- 0
1
1 19
-1
Step 1386
- 0
1
2 1
-1
Step 1386
- 0
4
3 0
4 18
1 0
2 0
-1
Step 1387
- 0
0
-1
Step 1388
- 0
1
8 18
-1
Step 1389
+ 0
1
4 0
-1
Step 1390
+ 0
1
1 6561
-1
Step 1392
+ 0
1
2 163
-1
Step 1392
+ 0
4
3 0
4 6724
1 0
2 0
-1
Step 1393
+ 0
1
5 6724
-1
Step 1394
+ 0
1
1 163
-1
Step 1396
+ 0
1
2 2
-1
Step 1396
+ 0
4
3 0
4 165
1 0
2 0
-1
Step 1397
+ 0
1
6 165
-1
Step 1398
+ 0
0
6724
Step 1399
+ 0
0
-1
Step 1400
- 0
1
4 0
-1
Step 1401
- 0
1
1 18
-1
Step 1403
- 0
1
2 1
-1
Step 1403
- 0
4
3 0
4 17
1 0
2 0
-1
Step 1404
- 0
0
-1
Step 1405
- 0
1
8 17
-1
Step 1406
+ 0
1
4 0
-1
Step 1407
+ 0
1
1 6724
-1
Step 1409
+ 0
1
2 165
-1
Step 1409
+ 0
4
3 0
4 6889
1 0
2 0
-1
Step 1410
+ 0
1
5 6889
-1
Step 1411
+ 0
1
1 165
-1
Step 1413
+ 0
1
2 2
-1
Step 1413
+ 0
4
3 0
4 167
1 0
2 0
-1
Step 1414
+ 0
1
6 167
-1
Step 1415
+ 0
0
6889
Step 1416
+ 0
0
-1
Step 1417
- 0
1
4 0
-1
Step 1418
- 0
1
1 17
-1
Step 1420
- 0
1
2 1
-1
Step 1420
- 0
4
3 0
4 16
1 0
2 0
-1
Step 1421
- 0
0
-1
Step 1422
- 0
1
8 16
-1
Step 1423
+ 0
1
4 0
-1
Step 1424
+ 0
1
1 6889
-1
Step 1426
+ 0
1
2 167
-1
Step 1426
+ 0
4
3 0
4 7056
1 0
2 0
-1
Step 1427
+ 0
1
5 7056
-1
Step 1428
+ 0
1
1 167
-1
Step 1430
+ 0
1
2 2
-1
Step 1430
+ 0
4
3 0
4 169
1 0
2 0
-1
Step 1431
+ 0
1
6 169
-1
Step 1432
+ 0
0
7056
Step 1433
+ 0
0
-1
Step 1434
- 0
1
4 0
-1
Step 1435
- 0
1
1 16
-1
Step 1437
- 0
1
2 1
-1
Step 1437
- 0
4
3 0
4 15
1 0
2 0
-1
Step 1438
- 0
0
-1
Step 1439
- 0
1
8 15
-1
Step 1440
+ 0
1
4 0
-1
Step 1441
+ 0
1
1 7056
-1
Step 1443
+ 0
1
2 169
-1
Step 1443
+ 0
4
3 0
4 7225
1 0
2 0
-1
Step 1444
+ 0
1
5 7225
-1
Step 1445
+ 0
1
1 169
-1
Step 1447
+ 0
1
2 2
-1
Step 1447
+ 0
4
3 0
4 171
1 0
2 0
-1
Step 1448
+ 0
1
6 171
-1
Step 1449
+ 0
0
7225
Step 1450
+ 0
0
-1
Step 1451
- 0
1
4 0
-1
Step 1452
- 0
1
1 15
-1
Step 1454
- 0
1
2 1
-1
Step 1454
- 0
4
3 0
4 14
1 0
2 0
-1
Step 1455
- 0
0
-1
Step 1456
- 0
1
8 14
-1
Step 1457
+ 0
1
4 0
-1
Step 1458
+ 0
1
1 7225
-1
Step 1460
+ 0
1
2 171
-1
Step 1460
+ 0
4
3 0
4 7396
1 0
2 0
-1
Step 1461
+ 0
1
5 7396
-1
Step 1462
+ 0
1
1 171
-1
Step 1464
+ 0
1
2 2
-1
Step 1464
+ 0
4
3 0
4 173
1 0
2 0
-1
Step 1465
+ 0
1
6 173
-1
Step 1466
+ 0
0
7396
Step 1467
+ 0
0
-1
Step 1468
- 0
1
4 0
-1
Step 1469
- 0
1
1 14
-1
Step 1471
- 0
1
2 1
-1
Step 1471
- 0
4
3 0
4 13
1 0
2 0
-1
Step 1472
- 0
0
-1
Step 1473
- 0
1
8 13
-1
Step 1474
+ 0
1
4 0
-1
Step 1475
+ 0
1
1 7396
-1
Step 1477
+ 0
1
2 173
-1
Step 1477
+ 0
4
3 0
4 7569
1 0
2 0
-1
Step 1478
+ 0
1
5 7569
-1
Step 1479
+ 0
1
1 173
-1
Step 1481
+ 0
1
2 2
-1
Step 1481
+ 0
4
3 0
4 175
1 0
2 0
-1
Step 1482
+ 0
1
6 175
-1
Step 1483
+ 0
0
7569
Step 1484
+ 0
0
-1
Step 1485
- 0
1
4 0
-1
Step 1486
- 0
1
1 13
-1
Step 1488
- 0
1
2 1
-1
Step 1488
- 0
4
3 0
4 12
1 0
2 0
-1
Step 1489
- 0
0
-1
Step 1490
- 0
1
8 12
-1
Step 1491
+ 0
1
4 0
-1
Step 1492
+ 0
1
1 7569
-1
Step 1494
+ 0
1
2 175
-1
Step 1494
+ 0
4
3 0
4 7744
1 0
2 0
-1
Step 1495
+ 0
1
5 7744
-1
Step 1496
+ 0
1
1 175
-1
Step 1498
+ 0
1
2 2
-1
Step 1498
+ 0
4
3 0
4 177
1 0
2 0
-1
Step 1499
+ 0
1
6 177
-1
Step 1500
+ 0
0
7744
Step 1501
+ 0
0
-1
Step 1502
- 0
1
4 0
-1
Step 1503
- 0
1
1 12
-1
Step 1505
- 0
1
2 1
-1
Step 1505
- 0
4
3 0
4 11
1 0
2 0
-1
Step 1506
- 0
0
-1
Step 1507
- 0
1
8 11
-1
Step 1508
+ 0
1
4 0
-1
Step 1509
+ 0
1
1 7744
-1
Step 1511
+ 0
1
2 177
-1
Step 1511
+ 0
4
3 0
4 7921
1 0
2 0
-1
Step 1512
+ 0
1
5 7921
-1
Step 1513
+ 0
1
1 177
-1
Step 1515
+ 0
1
2 2
-1
Step 1515
+ 0
4
3 0
4 179
1 0
2 0
-1
Step 1516
+ 0
1
6 179
-1
Step 1517
+ 0
0
7921
Step 1518
+ 0
0
-1
Step 1519
- 0
1
4 0
-1
Step 1520
- 0
1
1 11
-1
Step 1522
- 0
1
2 1
-1
Step 1522
- 0
4
3 0
4 10
1 0
2 0
-1
Step 1523
- 0
0
-1
Step 1524
- 0
1
8 10
-1
Step 1525
+ 0
1
4 0
-1
Step 1526
+ 0
1
1 7921
-1
Step 1528
+ 0
1
2 179
-1
Step 1528
+ 0
4
3 0
4 8100
1 0
2 0
-1
Step 1529
+ 0
1
5 8100
-1
Step 1530
+ 0
1
1 179
-1
Step 1532
+ 0
1
2 2
-1
Step 1532
+ 0
4
3 0
4 181
1 0
2 0
-1
Step 1533
+ 0
1
6 181
-1
Step 1534
+ 0
0
8100
Step 1535
+ 0
0
-1
Step 1536
- 0
1
4 0
-1
Step 1537
- 0
1
1 10
-1
Step 1539
- 0
1
2 1
-1
Step 1539
- 0
4
3 0
4 9
1 0
2 0
-1
Step 1540
- 0
0
-1
Step 1541
- 0
1
8 9
-1
Step 1542
+ 0
1
4 0
-1
Step 1543
+ 0
1
1 8100
-1
Step 1545
+ 0
1
2 181
-1
Step 1545
+ 0
4
3 0
4 8281
1 0
2 0
-1
Step 1546
+ 0
1
5 8281
-1
Step 1547
+ 0
1
1 181
-1
Step 1549
+ 0
1
2 2
-1
Step 1549
+ 0
4
3 0
4 183
1 0
2 0
-1
Step 1550
+ 0
1
6 183
-1
Step 1551
+ 0
0
8281
Step 1552
+ 0
0
-1
Step 1553
- 0
1
4 0
-1
Step 1554
- 0
1
1 9
-1
Step 1556
- 0
1
2 1
-1
Step 1556
- 0
4
3 0
4 8
1 0
2 0
-1
Step 1557
- 0
0
-1
Step 1558
- 0
1
8 8
-1
Step 1559
+ 0
1
4 0
-1
Step 1560
+ 0
1
1 8281
-1
Step 1562
+ 0
1
2 183
-1
Step 1562
+ 0
4
3 0
4 8464
1 0
2 0
-1
Step 1563
+ 0
1
5 8464
-1
Step 1564
+ 0
1
1 183
-1
Step 1566
+ 0
1
2 2
-1
Step 1566
+ 0
4
3 0
4 185
1 0
2 0
-1
Step 1567
+ 0
1
6 185
-1
Step 1568
+ 0
0
8464
Step 1569
+ 0
0
-1
Step 1570
- 0
1
4 0
-1
Step 1571
- 0
1
1 8
-1
Step 1573
- 0
1
2 1
-1
Step 1573
- 0
4
3 0
4 7
1 0
2 0
-1
Step 1574
- 0
0
-1
Step 1575
- 0
1
8 7
-1
Step 1576
+ 0
1
4 0
-1
Step 1577
+ 0
1
1 8464
-1
Step 1579
+ 0
1
2 185
-1
Step 1579
+ 0
4
3 0
4 8649
1 0
2 0
-1
Step 1580
+ 0
1
5 8649
-1
Step 1581
+ 0
1
1 185
-1
Step 1583
+ 0
1
2 2
-1
Step 1583
+ 0
4
3 0
4 187
1 0
2 0
-1
Step 1584
+ 0
1
6 187
-1
Step 1585
+ 0
0
8649
Step 1586
+ 0
0
-1
Step 1587
- 0
1
4 0
-1
Step 1588
- 0
1
1 7
-1
Step 1590
- 0
1
2 1
-1
Step 1590
- 0
4
3 0
4 6
1 0
2 0
-1
Step 1591
- 0
0
-1
Step 1592
- 0
1
8 6
-1
Step 1593
+ 0
1
4 0
-1
Step 1594
+ 0
1
1 8649
-1
Step 1596
+ 0
1
2 187
-1
Step 1596
+ 0
4
3 0
4 8836
1 0
2 0
-1
Step 1597
+ 0
1
5 8836
-1
Step 1598
+ 0
1
1 187
-1
Step 1600
+ 0
1
2 2
-1
Step 1600
+ 0
4
3 0
4 189
1 0
2 0
-1
Step 1601
+ 0
1
6 189
-1
Step 1602
+ 0
0
8836
Step 1603
+ 0
0
-1
Step 1604
- 0
1
4 0
-1
Step 1605
- 0
1
1 6
-1
Step 1607
- 0
1
2 1
-1
Step 1607
- 0
4
3 0
4 5
1 0
2 0
-1
Step 1608
- 0
0
-1
Step 1609
- 0
1
8 5
-1
Step 1610
+ 0
1
4 0
-1
Step 1611
+ 0
1
1 8836
-1
Step 1613
+ 0
1
2 189
-1
Step 1613
+ 0
4
3 0
4 9025
1 0
2 0
-1
Step 1614
+ 0
1
5 9025
-1
Step 1615
+ 0
1
1 189
-1
Step 1617
+ 0
1
2 2
-1
Step 1617
+ 0
4
3 0
4 191
1 0
2 0
-1
Step 1618
+ 0
1
6 191
-1
Step 1619
+ 0
0
9025
Step 1620
+ 0
0
-1
Step 1621
- 0
1
4 0
-1
Step 1622
- 0
1
1 5
-1
Step 1624
- 0
1
2 1
-1
Step 1624
- 0
4
3 0
4 4
1 0
2 0
-1
Step 1625
- 0
0
-1
Step 1626
- 0
1
8 4
-1
Step 1627
+ 0
1
4 0
-1
Step 1628
+ 0
1
1 9025
-1
Step 1630
+ 0
1
2 191
-1
Step 1630
+ 0
4
3 0
4 9216
1 0
2 0
-1
Step 1631
+ 0
1
5 9216
-1
Step 1632
+ 0
1
1 191
-1
Step 1634
+ 0
1
2 2
-1
Step 1634
+ 0
4
3 0
4 193
1 0
2 0
-1
Step 1635
+ 0
1
6 193
-1
Step 1636
+ 0
0
9216
Step 1637
+ 0
0
-1
Step 1638
- 0
1
4 0
-1
Step 1639
- 0
1
1 4
-1
Step 1641
- 0
1
2 1
-1
Step 1641
- 0
4
3 0
4 3
1 0
2 0
-1
Step 1642
- 0
0
-1
Step 1643
- 0
1
8 3
-1
Step 1644
+ 0
1
4 0
-1
Step 1645
+ 0
1
1 9216
-1
Step 1647
+ 0
1
2 193
-1
Step 1647
+ 0
4
3 0
4 9409
1 0
2 0
-1
Step 1648
+ 0
1
5 9409
-1
Step 1649
+ 0
1
1 193
-1
Step 1651
+ 0
1
2 2
-1
Step 1651
+ 0
4
3 0
4 195
1 0
2 0
-1
Step 1652
+ 0
1
6 195
-1
Step 1653
+ 0
0
9409
Step 1654
+ 0
0
-1
Step 1655
- 0
1
4 0
-1
Step 1656
- 0
1
1 3
-1
Step 1658
- 0
1
2 1
-1
Step 1658
- 0
4
3 0
4 2
1 0
2 0
-1
Step 1659
- 0
0
-1
Step 1660
- 0
1
8 2
-1
Step 1661
+ 0
1
4 0
-1
Step 1662
+ 0
1
1 9409
-1
Step 1664
+ 0
1
2 195
-1
Step 1664
+ 0
4
3 0
4 9604
1 0
2 0
-1
Step 1665
+ 0
1
5 9604
-1
Step 1666
+ 0
1
1 195
-1
Step 1668
+ 0
1
2 2
-1
Step 1668
+ 0
4
3 0
4 197
1 0
2 0
-1
Step 1669
+ 0
1
6 197
-1
Step 1670
+ 0
0
9604
Step 1671
+ 0
0
-1
Step 1672
- 0
1
4 0
-1
Step 1673
- 0
1
1 2
-1
Step 1675
- 0
1
2 1
-1
Step 1675
- 0
4
3 0
4 1
1 0
2 0
-1
Step 1676
- 0
0
-1
Step 1677
- 0
1
8 1
-1
Step 1678
+ 0
1
4 0
-1
Step 1679
+ 0
1
1 9604
-1
Step 1681
+ 0
1
2 197
-1
Step 1681
+ 0
4
3 0
4 9801
1 0
2 0
-1
Step 1682
+ 0
1
5 9801
-1
Step 1683
+ 0
1
1 197
-1
Step 1685
+ 0
1
2 2
-1
Step 1685
+ 0
4
3 0
4 199
1 0
2 0
-1
Step 1686
+ 0
1
6 199
-1
Step 1687
+ 0
0
9801
Step 1688
+ 0
0
-1
Step 1689
- 0
1
4 0
-1
Step 1690
- 0
1
1 1
-1
Step 1692
- 0
1
2 1
-1
Step 1692
- 0
4
3 0
4 0
1 0
2 0
-1
Step 1693
- 0
0
-1
Step 1694
- 0
1
8 0
-1
Step 1695
+ 0
0
-1
Step 1696
+ 0
1
1 9801
-1
Step 1698
+ 0
1
2 199
-1
Step 1698
+ 0
4
3 0
4 10000
1 0
2 0
-1
Step 1699
+ 0
1
5 10000
-1
Step 1700
+ 0
1
1 199
-1
Step 1702
+ 0
1
2 2
-1
Step 1702
+ 0
4
3 0
4 201
1 0
2 0
-1
Step 1703
+ 0
1
6 201
-1
Step 1704
+ 0
0
10000
Step 1705
+ 0
0
-1
Step 1706
- 0
1
4 0
-1
Step 1707
- 0
1
1 0
-1
Step 1709
- 0
1
2 1
-1
Step 1709
- 1
1
2 0
-1
Step 1710
- 0
0
-1

Process finished with exit code 0
